\BOOKMARK [0][-]{chapter*.2}{\376\377\000B\000e\000v\000e\000z\000e\000t\000\351\000s}{}% 1
\BOOKMARK [0][-]{chapter.1}{\376\377\0001\000.\000\040\000F\000e\000j\000l\000e\000s\000z\000t\000\351\000s}{}% 2
\BOOKMARK [1][-]{section.1.1}{\376\377\0001\000.\0001\000.\000\040\000F\000e\000j\000l\000e\000s\000z\000t\000\351\000s\000r\001\121\000l}{chapter.1}% 3
\BOOKMARK [1][-]{section.1.2}{\376\377\0001\000.\0002\000.\000\040\000A\000\040\000f\000e\000j\000l\000e\000s\000z\000t\000\351\000s\000h\000e\000z\000\040\000a\000l\000k\000a\000l\000m\000a\000z\000o\000t\000t\000\040\000e\000s\000z\000k\000\366\000z\000\366\000k\000\040\000\351\000s\000\040\000t\000e\000c\000h\000n\000o\000l\000\363\000g\000i\000\341\000k}{chapter.1}% 4
\BOOKMARK [2][-]{subsection.1.2.1}{\376\377\0001\000.\0002\000.\0001\000.\000\040\000L\000a\000r\000a\000v\000e\000l}{section.1.2}% 5
\BOOKMARK [2][-]{subsection.1.2.2}{\376\377\0001\000.\0002\000.\0002\000.\000\040\000P\000H\000P}{section.1.2}% 6
\BOOKMARK [2][-]{subsection.1.2.3}{\376\377\0001\000.\0002\000.\0003\000.\000\040\000M\000y\000S\000Q\000L}{section.1.2}% 7
\BOOKMARK [2][-]{subsection.1.2.4}{\376\377\0001\000.\0002\000.\0004\000.\000\040\000P\000h\000p\000M\000y\000A\000d\000m\000i\000n}{section.1.2}% 8
\BOOKMARK [2][-]{subsection.1.2.5}{\376\377\0001\000.\0002\000.\0005\000.\000\040\000X\000A\000M\000M\000P}{section.1.2}% 9
\BOOKMARK [2][-]{subsection.1.2.6}{\376\377\0001\000.\0002\000.\0006\000.\000\040\000V\000i\000s\000u\000a\000l\000\040\000S\000t\000u\000d\000i\000o\000\040\000C\000o\000d\000e}{section.1.2}% 10
\BOOKMARK [2][-]{subsection.1.2.7}{\376\377\0001\000.\0002\000.\0007\000.\000\040\000G\000i\000t\000H\000u\000b}{section.1.2}% 11
\BOOKMARK [2][-]{subsection.1.2.8}{\376\377\0001\000.\0002\000.\0008\000.\000\040\000G\000i\000t\000H\000u\000b\000\040\000D\000e\000s\000k\000t\000o\000p}{section.1.2}% 12
\BOOKMARK [0][-]{chapter.2}{\376\377\0002\000.\000\040\000T\000e\000r\000v\000e\000z\000\351\000s}{}% 13
\BOOKMARK [1][-]{section.2.1}{\376\377\0002\000.\0001\000.\000\040\000T\000e\000r\000v\000e\000z\000\351\000s\000r\001\121\000l}{chapter.2}% 14
\BOOKMARK [1][-]{section.2.2}{\376\377\0002\000.\0002\000.\000\040\000A\000\040\000t\000e\000r\000v\000e\000z\000\351\000s\000h\000e\000z\000\040\000a\000l\000k\000a\000l\000m\000a\000z\000o\000t\000t\000\040\000e\000s\000z\000k\000\366\000z\000\366\000k\000\040\000\351\000s\000\040\000t\000e\000c\000h\000n\000o\000l\000\363\000g\000i\000\341\000k}{chapter.2}% 15
\BOOKMARK [2][-]{subsection.2.2.1}{\376\377\0002\000.\0002\000.\0001\000.\000\040\000P\000l\000a\000n\000t\000U\000M\000L}{section.2.2}% 16
\BOOKMARK [2][-]{subsection.2.2.2}{\376\377\0002\000.\0002\000.\0002\000.\000\040\000D\000b\000d\000i\000a\000g\000r\000a\000m}{section.2.2}% 17
\BOOKMARK [0][-]{chapter.3}{\376\377\0003\000.\000\040\000T\000e\000s\000z\000t\000e\000l\000\351\000s}{}% 18
\BOOKMARK [1][-]{section.3.1}{\376\377\0003\000.\0001\000.\000\040\000T\000e\000s\000z\000t\000e\000l\000\351\000s\000r\001\121\000l}{chapter.3}% 19
\BOOKMARK [1][-]{section.3.2}{\376\377\0003\000.\0002\000.\000\040\000A\000\040\000t\000e\000s\000z\000t\000e\000l\000\351\000s\000h\000e\000z\000\040\000a\000l\000k\000a\000l\000m\000a\000z\000o\000t\000t\000\040\000e\000s\000z\000k\000\366\000z\000\366\000k\000\040\000\351\000s\000\040\000t\000e\000c\000h\000n\000o\000l\000\363\000g\000i\000\341\000k}{chapter.3}% 20
\BOOKMARK [2][-]{subsection.3.2.1}{\376\377\0003\000.\0002\000.\0001\000.\000\040\000C\000y\000p\000r\000e\000s\000s}{section.3.2}% 21
\BOOKMARK [0][-]{chapter.4}{\376\377\0004\000.\000\040\000F\000e\000l\000h\000a\000s\000z\000n\000\341\000l\000\363\000i\000\040\000d\000o\000k\000u\000m\000e\000n\000t\000\341\000c\000i\000\363}{}% 22
\BOOKMARK [0][-]{chapter*.3}{\376\377\000\326\000s\000s\000z\000e\000g\000z\000\351\000s}{}% 23
\BOOKMARK [0][-]{chapter*.4}{\376\377\000I\000r\000o\000d\000a\000l\000o\000m\000j\000e\000g\000y\000z\000\351\000k}{}% 24
